0 info it worked if it ends with ok
1 verbose cli [ '/Users/james/n/bin/node',
1 verbose cli   '/Users/james/n/bin/npm',
1 verbose cli   'run',
1 verbose cli   'build' ]
2 info using npm@3.10.10
3 info using node@v6.11.3
4 verbose run-script [ 'prebuild', 'build', 'postbuild' ]
5 info lifecycle leaflet-tile-loading-progress-control@1.0.0~prebuild: leaflet-tile-loading-progress-control@1.0.0
6 silly lifecycle leaflet-tile-loading-progress-control@1.0.0~prebuild: no script for prebuild, continuing
7 info lifecycle leaflet-tile-loading-progress-control@1.0.0~build: leaflet-tile-loading-progress-control@1.0.0
8 verbose lifecycle leaflet-tile-loading-progress-control@1.0.0~build: unsafe-perm in lifecycle true
9 verbose lifecycle leaflet-tile-loading-progress-control@1.0.0~build: PATH: /Users/james/n/lib/node_modules/npm/bin/node-gyp-bin:/Users/james/Desktop/leaflet-tile-loading-progress-control/node_modules/.bin:/Users/james/Desktop/leaflet-tile-loading-progress-control/node_modules/.bin:/Users/james/.config/yarn/link/node_modules/.bin:/Users/james/Desktop/leaflet-tile-loading-progress-control/node_modules/.bin:/Users/james/.config/yarn/link/node_modules/.bin:/Users/james/n/libexec/lib/node_modules/npm/bin/node-gyp-bin:/Users/james/n/lib/node_modules/npm/bin/node-gyp-bin:/Users/james/n/bin/node_modules/npm/bin/node-gyp-bin:/Users/james/n/bin:/usr/local/bin:/usr/bin:/bin:/usr/sbin:/sbin:/Applications/Postgres.app/Contents/Versions/latest/bin:/Users/james/n/bin
10 verbose lifecycle leaflet-tile-loading-progress-control@1.0.0~build: CWD: /Users/james/Desktop/leaflet-tile-loading-progress-control
11 silly lifecycle leaflet-tile-loading-progress-control@1.0.0~build: Args: [ '-c', 'npm run build:js && npm run build:css' ]
12 silly lifecycle leaflet-tile-loading-progress-control@1.0.0~build: Returned: code: 1  signal: null
13 info lifecycle leaflet-tile-loading-progress-control@1.0.0~build: Failed to exec build script
14 verbose stack Error: leaflet-tile-loading-progress-control@1.0.0 build: `npm run build:js && npm run build:css`
14 verbose stack Exit status 1
14 verbose stack     at EventEmitter.<anonymous> (/Users/james/n/lib/node_modules/npm/lib/utils/lifecycle.js:255:16)
14 verbose stack     at emitTwo (events.js:106:13)
14 verbose stack     at EventEmitter.emit (events.js:191:7)
14 verbose stack     at ChildProcess.<anonymous> (/Users/james/n/lib/node_modules/npm/lib/utils/spawn.js:40:14)
14 verbose stack     at emitTwo (events.js:106:13)
14 verbose stack     at ChildProcess.emit (events.js:191:7)
14 verbose stack     at maybeClose (internal/child_process.js:920:16)
14 verbose stack     at Process.ChildProcess._handle.onexit (internal/child_process.js:230:5)
15 verbose pkgid leaflet-tile-loading-progress-control@1.0.0
16 verbose cwd /Users/james/Desktop/leaflet-tile-loading-progress-control
17 error Darwin 17.5.0
18 error argv "/Users/james/n/bin/node" "/Users/james/n/bin/npm" "run" "build"
19 error node v6.11.3
20 error npm  v3.10.10
21 error code ELIFECYCLE
22 error leaflet-tile-loading-progress-control@1.0.0 build: `npm run build:js && npm run build:css`
22 error Exit status 1
23 error Failed at the leaflet-tile-loading-progress-control@1.0.0 build script 'npm run build:js && npm run build:css'.
23 error Make sure you have the latest version of node.js and npm installed.
23 error If you do, this is most likely a problem with the leaflet-tile-loading-progress-control package,
23 error not with npm itself.
23 error Tell the author that this fails on your system:
23 error     npm run build:js && npm run build:css
23 error You can get information on how to open an issue for this project with:
23 error     npm bugs leaflet-tile-loading-progress-control
23 error Or if that isn't available, you can get their info via:
23 error     npm owner ls leaflet-tile-loading-progress-control
23 error There is likely additional logging output above.
24 verbose exit [ 1, true ]
